[02:14:46:68] Reading PackData
[02:14:46:69] Found PAMU header
[02:14:46:69] New packfile: mmfs2.dll, Compressed: False
[02:14:46:72] New packfile: mmf2d3d9.dll, Compressed: True
[02:14:46:73] New packfile: mmf2d3d8.dll, Compressed: True
[02:14:46:73] New packfile: kclist.mfx, Compressed: True
[02:14:46:73] New packfile: AdvDir.mfx, Compressed: True
[02:14:46:73] New packfile: StringTokenizer.mfx, Compressed: True
[02:14:46:73] New packfile: Select.mfx, Compressed: True
[02:14:46:73] New packfile: nvar.mfx, Compressed: True
[02:14:46:73] New packfile: KcArray.mfx, Compressed: True
[02:14:46:73] New packfile: kcwctrl.mfx, Compressed: True
[02:14:46:73] New packfile: Steamworks.mfx, Compressed: True
[02:14:46:73] New packfile: steam_api.dll, Compressed: True
[02:14:46:74] New packfile: MMKPathPlanner.mfx, Compressed: True
[02:14:46:74] New packfile: ForEach.mfx, Compressed: True
[02:14:46:74] New packfile: kcfile.mfx, Compressed: True
[02:14:46:74] New packfile: Yaso.mfx, Compressed: True
[02:14:46:74] New packfile: process.mfx, Compressed: True
[02:14:46:74] New packfile: txtblt.mfx, Compressed: True
[02:14:46:74] New packfile: Blowfish.mfx, Compressed: True
[02:14:46:74] New packfile: INI++15.mfx, Compressed: True
[02:14:46:74] New packfile: Layer.mfx, Compressed: True
[02:14:46:74] New packfile: StringReplace.mfx, Compressed: True
[02:14:46:74] New packfile: kcedit.mfx, Compressed: True
[02:14:46:74] New packfile: KcBoxB.mfx, Compressed: True
[02:14:46:74] New packfile: Get.mfx, Compressed: True
[02:14:46:74] New packfile: ultimatefullscreen.mfx, Compressed: True
[02:14:46:74] New packfile: MoveIt.mfx, Compressed: True
[02:14:46:74] New packfile: parser.mfx, Compressed: True
[02:14:46:75] New packfile: OpenURLs.mfx, Compressed: True
[02:14:46:75] New packfile: kcclock.mfx, Compressed: True
[02:14:46:75] New packfile: ctrlx.mfx, Compressed: True
[02:14:46:75] New packfile: kcpica.mfx, Compressed: True
[02:14:46:75] New packfile: kcpict.mfx, Compressed: True
[02:14:46:75] New packfile: KcBoxA.mfx, Compressed: True
[02:14:46:75] New packfile: CalcRect.mfx, Compressed: True
[02:14:46:75] New packfile: kcini.mfx, Compressed: True
[02:14:46:75] New packfile: SimpleActive.mfx, Compressed: True
[02:14:46:75] New packfile: fontembed.mfx, Compressed: True
[02:14:46:75] New packfile: fcFolder.mfx, Compressed: True
[02:14:46:75] New packfile: cctrans.dll, Compressed: True
[02:14:46:75] New packfile: tgaflt.ift, Compressed: True
[02:14:46:75] New packfile: pngflt.ift, Compressed: True
[02:14:46:75] New packfile: jpgflt.ift, Compressed: True
[02:14:46:75] New packfile: gifflt.ift, Compressed: True
[02:14:46:75] New packfile: fliflt.ift, Compressed: True
[02:14:46:75] New packfile: bmpflt.ift, Compressed: True
[02:14:46:75] New packfile: aviflt.ift, Compressed: True
[02:14:46:75] New packfile: pcxflt.ift, Compressed: True
[02:14:46:75] New packfile: waveflt.sft, Compressed: True
[02:14:46:75] New packfile: oggflt.sft, Compressed: True
[02:14:46:75] New packfile: aiffflt.sft, Compressed: True
[02:14:46:75] New packfile: modflt.sft, Compressed: True
[02:14:46:75] New packfile: mp3flt.sft, Compressed: True
[02:14:46:76] Running 7/17/23 build.
[02:14:46:76] Game Header: PAMU
[02:14:46:76] Fusion Build: 286
[02:14:46:76] Reading Chunk 8739 (Header)
[02:14:46:76] Reading Chunk 8785
[02:14:46:76] No Reader for Chunk 8785
[02:14:46:76] Reading Chunk 8740 (Name)
[02:14:46:76] Reading Chunk 8741 (Author)
[02:14:46:76] Reading Chunk 8763 (Copyright)
[02:14:46:76] Reading Chunk 8751 (App Target-Filename)
[02:14:46:76] Reading Chunk 8750 (App Editor-Filename)
[02:14:46:76] Reading Chunk 8762 (About Text)
[02:14:46:76] No Reader for Chunk 8762
[02:14:46:76] Reading Chunk 8757 (Icon 16x16)
[02:14:46:76] Reading Chunk 8773 (Extended Header)
[02:14:46:76] Skipping problematic chunk 8783 with flag Compressed
[02:14:46:76] Skipping chunk 8783 due to null data
[02:14:46:76] Error decompressing block: Bad state (unknown compression method (0xA2))
[02:14:46:76] Error decompressing chunk 8754 with flag CompressedAndEncrypted: Bad state (unknown compression method (0xA2))
[02:14:46:76] Skipping chunk 8754 due to null data
[02:14:46:77] Error decompressing block: Bad state (unknown compression method (0xA2))
[02:14:46:77] Error decompressing chunk 8755 with flag CompressedAndEncrypted: Bad state (unknown compression method (0xA2))
[02:14:46:77] Skipping chunk 8755 due to null data
[02:14:46:77] Reading Chunk 8742 (Menu)
[02:14:46:77] Reading Chunk 8748 (Extension Data)
[02:14:46:77] Found file , 3
[02:14:46:77] Reading Chunk 8756 (Extension List)
[02:14:46:77] Reading Chunk 8753 (Other Extensions)
[02:14:46:77] No Reader for Chunk 8753
[02:14:46:77] Reading Chunk 8771 (Shaders)
[02:14:46:77] Reading Chunk 8745 (Frame Items)
[02:14:46:78] Error decompressing block: Bad state (unknown compression method (0xA2))
[02:14:46:78] Error decompressing chunk 17476 with flag CompressedAndEncrypted: Bad state (unknown compression method (0xA2))
[02:14:46:78] Error reading chunk 8745: Buffer cannot be null. (Parameter 'buffer')
[02:14:46:79] Error decompressing block: Bad state (unknown compression method (0xA2))
[02:14:46:79] Error decompressing chunk 8759 with flag CompressedAndEncrypted: Bad state (unknown compression method (0xA2))
[02:14:46:79] Skipping chunk 8759 due to null data
[02:14:46:79] Error decompressing block: Bad state (unknown compression method (0xA2))
[02:14:46:79] Error decompressing chunk 8747 with flag CompressedAndEncrypted: Bad state (unknown compression method (0xA2))
[02:14:46:79] Skipping chunk 8747 due to null data
[02:14:46:79] Reading Chunk 8768 (Exe Only)
[02:14:46:79] Reading Chunk 8781
[02:14:46:79] No Reader for Chunk 8781
[02:14:46:79] Reading Chunk 13107 (Frame)
[02:14:46:80] Error decompressing block: Bad state (unknown compression method (0xA2))
[02:14:46:80] Error decompressing chunk 13108 with flag CompressedAndEncrypted: Bad state (unknown compression method (0xA2))
[02:14:46:80] Error reading chunk 13107: Buffer cannot be null. (Parameter 'buffer')
[02:14:46:80] Reading Chunk 13107 (Frame)
[02:14:46:80] Error decompressing block: Bad state (unknown compression method (0xA2))
[02:14:46:80] Error decompressing chunk 13108 with flag CompressedAndEncrypted: Bad state (unknown compression method (0xA2))
[02:14:46:80] Error reading chunk 13107: Buffer cannot be null. (Parameter 'buffer')
[02:14:46:80] Reading Chunk 13107 (Frame)
[02:14:46:81] Error decompressing block: Bad state (unknown compression method (0xA2))
[02:14:46:81] Error decompressing chunk 13108 with flag CompressedAndEncrypted: Bad state (unknown compression method (0xA2))
[02:14:46:81] Error reading chunk 13107: Buffer cannot be null. (Parameter 'buffer')
[02:14:46:81] Reading Chunk 13107 (Frame)
[02:14:46:82] Error decompressing block: Bad state (unknown compression method (0xA2))
[02:14:46:82] Error decompressing chunk 13108 with flag CompressedAndEncrypted: Bad state (unknown compression method (0xA2))
[02:14:46:82] Error reading chunk 13107: Buffer cannot be null. (Parameter 'buffer')
[02:14:46:82] Reading Chunk 13107 (Frame)
[02:14:46:82] Error decompressing block: Bad state (unknown compression method (0xA2))
[02:14:46:82] Error decompressing chunk 13108 with flag CompressedAndEncrypted: Bad state (unknown compression method (0xA2))
[02:14:46:82] Error reading chunk 13107: Buffer cannot be null. (Parameter 'buffer')
[02:14:46:82] Reading Chunk 13107 (Frame)
[02:14:46:82] Error decompressing block: Bad state (unknown compression method (0xA2))
[02:14:46:83] Error decompressing chunk 13108 with flag CompressedAndEncrypted: Bad state (unknown compression method (0xA2))
[02:14:46:83] Error reading chunk 13107: Buffer cannot be null. (Parameter 'buffer')
[02:14:46:83] Reading Chunk 13107 (Frame)
[02:14:46:83] Error decompressing block: Bad state (unknown compression method (0xA2))
[02:14:46:83] Error decompressing chunk 13108 with flag CompressedAndEncrypted: Bad state (unknown compression method (0xA2))
[02:14:46:83] Error reading chunk 13107: Buffer cannot be null. (Parameter 'buffer')
[02:14:46:83] Reading Chunk 13107 (Frame)
[02:14:46:84] Error decompressing block: Bad state (unknown compression method (0xA2))
[02:14:46:84] Error decompressing chunk 13108 with flag CompressedAndEncrypted: Bad state (unknown compression method (0xA2))
[02:14:46:84] Error reading chunk 13107: Buffer cannot be null. (Parameter 'buffer')
[02:14:46:84] Reading Chunk 13107 (Frame)
[02:14:46:84] Error decompressing block: Bad state (unknown compression method (0xA2))
[02:14:46:84] Error decompressing chunk 13108 with flag CompressedAndEncrypted: Bad state (unknown compression method (0xA2))
[02:14:46:84] Error reading chunk 13107: Buffer cannot be null. (Parameter 'buffer')
[02:14:46:84] Reading Chunk 13107 (Frame)
[02:14:46:84] Error decompressing block: Bad state (unknown compression method (0xA2))
[02:14:46:84] Error decompressing chunk 13108 with flag CompressedAndEncrypted: Bad state (unknown compression method (0xA2))
[02:14:46:84] Error reading chunk 13107: Buffer cannot be null. (Parameter 'buffer')
[02:14:46:84] Reading Chunk 13107 (Frame)
[02:14:46:85] Error decompressing block: Bad state (unknown compression method (0xA2))
[02:14:46:85] Error decompressing chunk 13108 with flag CompressedAndEncrypted: Bad state (unknown compression method (0xA2))
[02:14:46:85] Error reading chunk 13107: Buffer cannot be null. (Parameter 'buffer')
[02:14:46:85] Reading Chunk 13107 (Frame)
[02:14:46:85] Error decompressing block: Bad state (unknown compression method (0xA2))
[02:14:46:85] Error decompressing chunk 13108 with flag CompressedAndEncrypted: Bad state (unknown compression method (0xA2))
[02:14:46:85] Error reading chunk 13107: Buffer cannot be null. (Parameter 'buffer')
[02:14:46:85] Reading Chunk 8770 (Protection)
[02:14:46:85] No Reader for Chunk 8770
[02:14:46:86] Reading Chunk 26214 (Images)
[02:14:46:98] Reading Chunk 21845 (Image Handles)
[02:14:46:98] No Reader for Chunk 21845
[02:14:46:98] Reading Chunk 26215 (Fonts)
[02:14:46:98] Reading Chunk 21846 (Font Handles)
[02:14:46:98] No Reader for Chunk 21846
[02:14:46:98] Reading Chunk 26216 (Sounds)
[02:14:46:99] Reading Chunk 21847 (Sound Handles)
[02:14:46:99] No Reader for Chunk 21847
[02:14:46:99] Reading Chunk 32639 (Last Chunk)
[02:14:46:99] No Reader for Chunk 32639
