[23:42:03:17] Reading PackData
[23:42:03:17] Found PAMU header
[23:42:03:17] New packfile: mmfs2.dll, Compressed: False
[23:42:03:20] New packfile: mmf2d3d9.dll, Compressed: True
[23:42:03:21] New packfile: mmf2d3d8.dll, Compressed: True
[23:42:03:21] New packfile: kclist.mfx, Compressed: True
[23:42:03:21] New packfile: AdvDir.mfx, Compressed: True
[23:42:03:21] New packfile: StringTokenizer.mfx, Compressed: True
[23:42:03:21] New packfile: Select.mfx, Compressed: True
[23:42:03:21] New packfile: nvar.mfx, Compressed: True
[23:42:03:21] New packfile: KcArray.mfx, Compressed: True
[23:42:03:21] New packfile: kcwctrl.mfx, Compressed: True
[23:42:03:21] New packfile: Steamworks.mfx, Compressed: True
[23:42:03:21] New packfile: steam_api.dll, Compressed: True
[23:42:03:23] New packfile: MMKPathPlanner.mfx, Compressed: True
[23:42:03:23] New packfile: ForEach.mfx, Compressed: True
[23:42:03:23] New packfile: kcfile.mfx, Compressed: True
[23:42:03:23] New packfile: Yaso.mfx, Compressed: True
[23:42:03:23] New packfile: process.mfx, Compressed: True
[23:42:03:23] New packfile: txtblt.mfx, Compressed: True
[23:42:03:23] New packfile: Blowfish.mfx, Compressed: True
[23:42:03:23] New packfile: INI++15.mfx, Compressed: True
[23:42:03:23] New packfile: Layer.mfx, Compressed: True
[23:42:03:23] New packfile: StringReplace.mfx, Compressed: True
[23:42:03:23] New packfile: kcedit.mfx, Compressed: True
[23:42:03:23] New packfile: KcBoxB.mfx, Compressed: True
[23:42:03:24] New packfile: Get.mfx, Compressed: True
[23:42:03:24] New packfile: ultimatefullscreen.mfx, Compressed: True
[23:42:03:24] New packfile: MoveIt.mfx, Compressed: True
[23:42:03:24] New packfile: parser.mfx, Compressed: True
[23:42:03:24] New packfile: OpenURLs.mfx, Compressed: True
[23:42:03:24] New packfile: kcclock.mfx, Compressed: True
[23:42:03:24] New packfile: ctrlx.mfx, Compressed: True
[23:42:03:24] New packfile: kcpica.mfx, Compressed: True
[23:42:03:24] New packfile: kcpict.mfx, Compressed: True
[23:42:03:24] New packfile: KcBoxA.mfx, Compressed: True
[23:42:03:24] New packfile: CalcRect.mfx, Compressed: True
[23:42:03:24] New packfile: kcini.mfx, Compressed: True
[23:42:03:24] New packfile: SimpleActive.mfx, Compressed: True
[23:42:03:24] New packfile: fontembed.mfx, Compressed: True
[23:42:03:24] New packfile: fcFolder.mfx, Compressed: True
[23:42:03:24] New packfile: cctrans.dll, Compressed: True
[23:42:03:24] New packfile: tgaflt.ift, Compressed: True
[23:42:03:24] New packfile: pngflt.ift, Compressed: True
[23:42:03:24] New packfile: jpgflt.ift, Compressed: True
[23:42:03:24] New packfile: gifflt.ift, Compressed: True
[23:42:03:24] New packfile: fliflt.ift, Compressed: True
[23:42:03:24] New packfile: bmpflt.ift, Compressed: True
[23:42:03:24] New packfile: aviflt.ift, Compressed: True
[23:42:03:24] New packfile: pcxflt.ift, Compressed: True
[23:42:03:24] New packfile: waveflt.sft, Compressed: True
[23:42:03:25] New packfile: oggflt.sft, Compressed: True
[23:42:03:25] New packfile: aiffflt.sft, Compressed: True
[23:42:03:25] New packfile: modflt.sft, Compressed: True
[23:42:03:25] New packfile: mp3flt.sft, Compressed: True
[23:42:03:25] Running 7/17/23 build.
[23:42:03:25] Game Header: PAMU
[23:42:03:25] Fusion Build: 286
[23:42:03:25] Reading Chunk 8739 (Header)
[23:42:03:25] Reading Chunk 8785
[23:42:03:25] No Reader for Chunk 8785
[23:42:03:25] Reading Chunk 8740 (Name)
[23:42:03:25] Reading Chunk 8741 (Author)
[23:42:03:25] Reading Chunk 8763 (Copyright)
[23:42:03:25] Reading Chunk 8751 (App Target-Filename)
[23:42:03:26] Reading Chunk 8750 (App Editor-Filename)
[23:42:03:26] Reading Chunk 8762 (About Text)
[23:42:03:26] No Reader for Chunk 8762
[23:42:03:26] Reading Chunk 8757 (Icon 16x16)
[23:42:03:26] Reading Chunk 8773 (Extended Header)
[23:42:03:26] Skipping problematic chunk 8783 with flag Compressed
[23:42:03:26] Skipping chunk 8783 due to null data
[23:42:03:26] Error decompressing block: Bad state (unknown compression method (0xA2))
[23:42:03:26] Error decompressing chunk 8754 with flag CompressedAndEncrypted: Bad state (unknown compression method (0xA2))
[23:42:03:26] Skipping chunk 8754 due to null data
[23:42:03:27] Error decompressing block: Bad state (unknown compression method (0xA2))
[23:42:03:27] Error decompressing chunk 8755 with flag CompressedAndEncrypted: Bad state (unknown compression method (0xA2))
[23:42:03:27] Skipping chunk 8755 due to null data
[23:42:03:27] Reading Chunk 8742 (Menu)
[23:42:03:28] Reading Chunk 8748 (Extension Data)
[23:42:03:28] Found file , 3
[23:42:03:28] Reading Chunk 8756 (Extension List)
[23:42:03:28] Reading Chunk 8753 (Other Extensions)
[23:42:03:28] No Reader for Chunk 8753
[23:42:03:28] Reading Chunk 8771 (Shaders)
[23:42:03:29] Reading Chunk 8745 (Frame Items)
[23:42:03:29] Error decompressing block: Bad state (unknown compression method (0xA2))
[23:42:03:29] Error decompressing chunk 17476 with flag CompressedAndEncrypted: Bad state (unknown compression method (0xA2))
[23:42:03:29] Error reading chunk 8745: Buffer cannot be null. (Parameter 'buffer')
[23:42:03:30] Error decompressing block: Bad state (unknown compression method (0xA2))
[23:42:03:30] Error decompressing chunk 8759 with flag CompressedAndEncrypted: Bad state (unknown compression method (0xA2))
[23:42:03:30] Skipping chunk 8759 due to null data
[23:42:03:31] Error decompressing block: Bad state (unknown compression method (0xA2))
[23:42:03:31] Error decompressing chunk 8747 with flag CompressedAndEncrypted: Bad state (unknown compression method (0xA2))
[23:42:03:31] Skipping chunk 8747 due to null data
[23:42:03:31] Reading Chunk 8768 (Exe Only)
[23:42:03:32] Reading Chunk 8781
[23:42:03:32] No Reader for Chunk 8781
[23:42:03:32] Reading Chunk 13107 (Frame)
[23:42:03:33] Error decompressing block: Bad state (unknown compression method (0xA2))
[23:42:03:33] Error decompressing chunk 13108 with flag CompressedAndEncrypted: Bad state (unknown compression method (0xA2))
[23:42:03:33] Error reading chunk 13107: Buffer cannot be null. (Parameter 'buffer')
[23:42:03:33] Reading Chunk 13107 (Frame)
[23:42:03:34] Error decompressing block: Bad state (unknown compression method (0xA2))
[23:42:03:34] Error decompressing chunk 13108 with flag CompressedAndEncrypted: Bad state (unknown compression method (0xA2))
[23:42:03:34] Error reading chunk 13107: Buffer cannot be null. (Parameter 'buffer')
[23:42:03:34] Reading Chunk 13107 (Frame)
[23:42:03:35] Error decompressing block: Bad state (unknown compression method (0xA2))
[23:42:03:35] Error decompressing chunk 13108 with flag CompressedAndEncrypted: Bad state (unknown compression method (0xA2))
[23:42:03:35] Error reading chunk 13107: Buffer cannot be null. (Parameter 'buffer')
[23:42:03:35] Reading Chunk 13107 (Frame)
[23:42:03:36] Error decompressing block: Bad state (unknown compression method (0xA2))
[23:42:03:36] Error decompressing chunk 13108 with flag CompressedAndEncrypted: Bad state (unknown compression method (0xA2))
[23:42:03:36] Error reading chunk 13107: Buffer cannot be null. (Parameter 'buffer')
[23:42:03:36] Reading Chunk 13107 (Frame)
[23:42:03:37] Error decompressing block: Bad state (unknown compression method (0xA2))
[23:42:03:37] Error decompressing chunk 13108 with flag CompressedAndEncrypted: Bad state (unknown compression method (0xA2))
[23:42:03:37] Error reading chunk 13107: Buffer cannot be null. (Parameter 'buffer')
[23:42:03:37] Reading Chunk 13107 (Frame)
[23:42:03:38] Error decompressing block: Bad state (unknown compression method (0xA2))
[23:42:03:38] Error decompressing chunk 13108 with flag CompressedAndEncrypted: Bad state (unknown compression method (0xA2))
[23:42:03:38] Error reading chunk 13107: Buffer cannot be null. (Parameter 'buffer')
[23:42:03:39] Reading Chunk 13107 (Frame)
[23:42:03:39] Error decompressing block: Bad state (unknown compression method (0xA2))
[23:42:03:39] Error decompressing chunk 13108 with flag CompressedAndEncrypted: Bad state (unknown compression method (0xA2))
[23:42:03:39] Error reading chunk 13107: Buffer cannot be null. (Parameter 'buffer')
[23:42:03:39] Reading Chunk 13107 (Frame)
[23:42:03:40] Error decompressing block: Bad state (unknown compression method (0xA2))
[23:42:03:40] Error decompressing chunk 13108 with flag CompressedAndEncrypted: Bad state (unknown compression method (0xA2))
[23:42:03:40] Error reading chunk 13107: Buffer cannot be null. (Parameter 'buffer')
[23:42:03:40] Reading Chunk 13107 (Frame)
[23:42:03:41] Error decompressing block: Bad state (unknown compression method (0xA2))
[23:42:03:41] Error decompressing chunk 13108 with flag CompressedAndEncrypted: Bad state (unknown compression method (0xA2))
[23:42:03:41] Error reading chunk 13107: Buffer cannot be null. (Parameter 'buffer')
[23:42:03:41] Reading Chunk 13107 (Frame)
[23:42:03:42] Error decompressing block: Bad state (unknown compression method (0xA2))
[23:42:03:42] Error decompressing chunk 13108 with flag CompressedAndEncrypted: Bad state (unknown compression method (0xA2))
[23:42:03:43] Error reading chunk 13107: Buffer cannot be null. (Parameter 'buffer')
[23:42:03:43] Reading Chunk 13107 (Frame)
[23:42:03:44] Error decompressing block: Bad state (unknown compression method (0xA2))
[23:42:03:44] Error decompressing chunk 13108 with flag CompressedAndEncrypted: Bad state (unknown compression method (0xA2))
[23:42:03:44] Error reading chunk 13107: Buffer cannot be null. (Parameter 'buffer')
[23:42:03:44] Reading Chunk 13107 (Frame)
[23:42:03:45] Error decompressing block: Bad state (unknown compression method (0xA2))
[23:42:03:45] Error decompressing chunk 13108 with flag CompressedAndEncrypted: Bad state (unknown compression method (0xA2))
[23:42:03:45] Error reading chunk 13107: Buffer cannot be null. (Parameter 'buffer')
[23:42:03:45] Reading Chunk 8770 (Protection)
[23:42:03:45] No Reader for Chunk 8770
[23:42:03:46] Reading Chunk 26214 (Images)
[23:42:03:56] Reading Chunk 21845 (Image Handles)
[23:42:03:56] No Reader for Chunk 21845
[23:42:03:56] Reading Chunk 26215 (Fonts)
[23:42:03:56] Reading Chunk 21846 (Font Handles)
[23:42:03:56] No Reader for Chunk 21846
[23:42:03:56] Reading Chunk 26216 (Sounds)
[23:42:03:57] Reading Chunk 21847 (Sound Handles)
[23:42:03:57] No Reader for Chunk 21847
[23:42:03:57] Reading Chunk 32639 (Last Chunk)
[23:42:03:57] No Reader for Chunk 32639
